<?xml version="1.0" encoding="UTF-8"?>
<testng-results skipped="0" failed="0" total="1" passed="1">
  <reporter-output>
  </reporter-output>
  <suite name="Suite" duration-ms="21535" started-at="2019-03-18T01:41:32Z" finished-at="2019-03-18T01:41:54Z">
    <groups>
    </groups>
    <test name="Test" duration-ms="21535" started-at="2019-03-18T01:41:32Z" finished-at="2019-03-18T01:41:54Z">
      <class name="openbaidu.Openbaidu">
        <test-method status="PASS" signature="dL()[pri:0, instance:openbaidu.Openbaidu@449b2d27]" name="dL" duration-ms="21511" started-at="2019-03-18T09:41:32Z" finished-at="2019-03-18T09:41:54Z">
          <reporter-output>
          </reporter-output>
        </test-method> <!-- dL -->
      </class> <!-- openbaidu.Openbaidu -->
    </test> <!-- Test -->
  </suite> <!-- Suite -->
</testng-results>
